#
# There is insufficient memory for the Java Runtime Environment to continue.
# Native memory allocation (malloc) failed to allocate 1838576 bytes. Error detail: Chunk::new
# Possible reasons:
#   The system is out of physical RAM or swap space
#   This process is running with CompressedOops enabled, and the Java Heap may be blocking the growth of the native heap
# Possible solutions:
#   Reduce memory load on the system
#   Increase physical memory or swap space
#   Check if swap backing store is full
#   Decrease Java heap size (-Xmx/-Xms)
#   Decrease number of Java threads
#   Decrease Java thread stack sizes (-Xss)
#   Set larger code cache with -XX:ReservedCodeCacheSize=
#   JVM is running with Unscaled Compressed Oops mode in which the Java heap is
#     placed in the first 4GB address space. The Java Heap base address is the
#     maximum limit for the native heap growth. Please use -XX:HeapBaseMinAddress
#     to set the Java Heap base and to place the Java Heap above 4GB virtual address.
# This output file may be truncated or incomplete.
#
#  Out of Memory Error (arena.cpp:191), pid=6708, tid=14320
#
# JRE version: OpenJDK Runtime Environment Temurin-17.0.13+11 (17.0.13+11) (build 17.0.13+11)
# Java VM: OpenJDK 64-Bit Server VM Temurin-17.0.13+11 (17.0.13+11, mixed mode, tiered, compressed oops, compressed class ptrs, parallel gc, windows-amd64)
# No core dump will be written. Minidumps are not enabled by default on client versions of Windows
#

---------------  S U M M A R Y ------------

Command Line: --add-modules=ALL-SYSTEM --add-opens=java.base/java.util=ALL-UNNAMED --add-opens=java.base/java.lang=ALL-UNNAMED --add-opens=java.base/sun.nio.fs=ALL-UNNAMED -Declipse.application=org.eclipse.jdt.ls.core.id1 -Dosgi.bundles.defaultStartLevel=4 -Declipse.product=org.eclipse.jdt.ls.core.product -Djava.import.generatesMetadataFilesAtProjectRoot=false -DDetectVMInstallationsJob.disabled=true -Dfile.encoding=utf8 -XX:+UseParallelGC -XX:GCTimeRatio=4 -XX:AdaptiveSizePolicyWeight=90 -Dsun.zip.disableMemoryMapping=true -Xmx1G -Xms100m -Xlog:disable -javaagent:c:\Users\venka\.vscode\extensions\redhat.java-1.38.0-win32-x64\lombok\lombok-1.18.34.jar -XX:+HeapDumpOnOutOfMemoryError -XX:HeapDumpPath=c:\Users\venka\AppData\Roaming\Code\User\workspaceStorage\16c042cf4fc7efc13e0c8bdd093436cd\redhat.java -Daether.dependencyCollector.impl=bf c:\Users\venka\.vscode\extensions\redhat.java-1.38.0-win32-x64\server\plugins\org.eclipse.equinox.launcher_1.6.900.v20240613-2009.jar -configuration c:\Users\venka\AppData\Roaming\Code\User\globalStorage\redhat.java\1.38.0\config_win -data c:\Users\venka\AppData\Roaming\Code\User\workspaceStorage\16c042cf4fc7efc13e0c8bdd093436cd\redhat.java\jdt_ws --pipe=\\.\pipe\lsp-9c0c4cf02a54eb5374072397a46541cd-sock

Host: Intel(R) Core(TM) i5-10210U CPU @ 1.60GHz, 8 cores, 7G,  Windows 11 , 64 bit Build 26100 (10.0.26100.2454)
Time: Sun Jan 19 03:01:59 2025 India Standard Time elapsed time: 20.135108 seconds (0d 0h 0m 20s)

---------------  T H R E A D  ---------------

Current thread (0x0000016ebb6de950):  JavaThread "C2 CompilerThread0" daemon [_thread_in_native, id=14320, stack(0x0000004efce00000,0x0000004efcf00000)]


Current CompileTask:
C2:  20135 11422       4       jdk.internal.org.objectweb.asm.Frame::execute (2318 bytes)

Stack: [0x0000004efce00000,0x0000004efcf00000]
Native frames: (J=compiled Java code, j=interpreted, Vv=VM code, C=native code)
V  [jvm.dll+0x682a19]
V  [jvm.dll+0x839538]
V  [jvm.dll+0x83afe3]
V  [jvm.dll+0x83b653]
V  [jvm.dll+0x24704f]
V  [jvm.dll+0xace34]
V  [jvm.dll+0xad4cc]
V  [jvm.dll+0x36592f]
V  [jvm.dll+0x32fbd8]
V  [jvm.dll+0x32f05a]
V  [jvm.dll+0x21804f]
V  [jvm.dll+0x21748f]
V  [jvm.dll+0x1a3070]
V  [jvm.dll+0x22788c]
V  [jvm.dll+0x2259eb]
V  [jvm.dll+0x7eec98]
V  [jvm.dll+0x7e8ffc]
V  [jvm.dll+0x6818f7]
C  [ucrtbase.dll+0x14ea0]
C  [KERNEL32.DLL+0x2e8d7]
C  [ntdll.dll+0xdfbcc]


---------------  P R O C E S S  ---------------

Threads class SMR info:
_java_thread_list=0x0000016ec9c15990, length=69, elements={
0x0000016ea7850b90, 0x0000016ebb6d5020, 0x0000016ebb6d6350, 0x0000016ebb6d9f20,
0x0000016ebb6da8f0, 0x0000016ebb6db3c0, 0x0000016ebb6ddca0, 0x0000016ebb6de950,
0x0000016ec0844050, 0x0000016ec0847ca0, 0x0000016ea78af8c0, 0x0000016ec0b23730,
0x0000016ec1cf70e0, 0x0000016ec2080cb0, 0x0000016ec2126f60, 0x0000016ec21364f0,
0x0000016ec2690030, 0x0000016ec27e1b40, 0x0000016ec27df2c0, 0x0000016ec27df7d0,
0x0000016ec27e1630, 0x0000016ec27dfce0, 0x0000016ec27e2050, 0x0000016ec2aaa080,
0x0000016ec27de8a0, 0x0000016ec27e01f0, 0x0000016ec27e0700, 0x0000016ec27e0c10,
0x0000016ec418e4a0, 0x0000016ec418e9b0, 0x0000016ec418da80, 0x0000016ec418eec0,
0x0000016ec418f3d0, 0x0000016ec418f8e0, 0x0000016ec418d060, 0x0000016ec4190d20,
0x0000016ec418fdf0, 0x0000016ec4190300, 0x0000016ec4190810, 0x0000016ec4191230,
0x0000016ec4191740, 0x0000016ec386acb0, 0x0000016ec418df90, 0x0000016ec4192160,
0x0000016ec4191c50, 0x0000016ec4193fc0, 0x0000016ec4193090, 0x0000016ec41949e0,
0x0000016ec41944d0, 0x0000016ec4192670, 0x0000016ec4192b80, 0x0000016ec41935a0,
0x0000016ec4193ab0, 0x0000016ec27e1120, 0x0000016ec27dedb0, 0x0000016ec88c03a0,
0x0000016ec88be030, 0x0000016ec88c1cf0, 0x0000016ec88bef60, 0x0000016ec88c12d0,
0x0000016ec88c08b0, 0x0000016ec88bea50, 0x0000016ec88be540, 0x0000016ec88c0dc0,
0x0000016ec88bfe90, 0x0000016ec88c17e0, 0x0000016ec88c2710, 0x0000016ec88c2c20,
0x0000016ec88c3130
}

Java Threads: ( => current thread )
  0x0000016ea7850b90 JavaThread "main" [_thread_blocked, id=7952, stack(0x0000004efc500000,0x0000004efc600000)]
  0x0000016ebb6d5020 JavaThread "Reference Handler" daemon [_thread_blocked, id=2744, stack(0x0000004efc800000,0x0000004efc900000)]
  0x0000016ebb6d6350 JavaThread "Finalizer" daemon [_thread_blocked, id=1520, stack(0x0000004efc900000,0x0000004efca00000)]
  0x0000016ebb6d9f20 JavaThread "Signal Dispatcher" daemon [_thread_blocked, id=13444, stack(0x0000004efca00000,0x0000004efcb00000)]
  0x0000016ebb6da8f0 JavaThread "Attach Listener" daemon [_thread_blocked, id=16088, stack(0x0000004efcb00000,0x0000004efcc00000)]
  0x0000016ebb6db3c0 JavaThread "Service Thread" daemon [_thread_blocked, id=7584, stack(0x0000004efcc00000,0x0000004efcd00000)]
  0x0000016ebb6ddca0 JavaThread "Monitor Deflation Thread" daemon [_thread_blocked, id=17676, stack(0x0000004efcd00000,0x0000004efce00000)]
=>0x0000016ebb6de950 JavaThread "C2 CompilerThread0" daemon [_thread_in_native, id=14320, stack(0x0000004efce00000,0x0000004efcf00000)]
  0x0000016ec0844050 JavaThread "C1 CompilerThread0" daemon [_thread_blocked, id=18188, stack(0x0000004efcf00000,0x0000004efd000000)]
  0x0000016ec0847ca0 JavaThread "Sweeper thread" daemon [_thread_blocked, id=8764, stack(0x0000004efd000000,0x0000004efd100000)]
  0x0000016ea78af8c0 JavaThread "Common-Cleaner" daemon [_thread_blocked, id=1232, stack(0x0000004efd100000,0x0000004efd200000)]
  0x0000016ec0b23730 JavaThread "Notification Thread" daemon [_thread_blocked, id=12536, stack(0x0000004efd300000,0x0000004efd400000)]
  0x0000016ec1cf70e0 JavaThread "Active Thread: Equinox Container: e9b6b17e-fd27-4e01-92cc-ccf949edfaba" [_thread_blocked, id=3612, stack(0x0000004efdb00000,0x0000004efdc00000)]
  0x0000016ec2080cb0 JavaThread "Refresh Thread: Equinox Container: e9b6b17e-fd27-4e01-92cc-ccf949edfaba" daemon [_thread_blocked, id=20404, stack(0x0000004efdc00000,0x0000004efdd00000)]
  0x0000016ec2126f60 JavaThread "Framework Event Dispatcher: Equinox Container: e9b6b17e-fd27-4e01-92cc-ccf949edfaba" daemon [_thread_blocked, id=11732, stack(0x0000004efdd00000,0x0000004efde00000)]
  0x0000016ec21364f0 JavaThread "Start Level: Equinox Container: e9b6b17e-fd27-4e01-92cc-ccf949edfaba" daemon [_thread_blocked, id=10116, stack(0x0000004efde00000,0x0000004efdf00000)]
  0x0000016ec2690030 JavaThread "Bundle File Closer" daemon [_thread_blocked, id=16168, stack(0x0000004efe100000,0x0000004efe200000)]
  0x0000016ec27e1b40 JavaThread "SCR Component Actor" daemon [_thread_blocked, id=11968, stack(0x0000004efe200000,0x0000004efe300000)]
  0x0000016ec27df2c0 JavaThread "Worker-JM" [_thread_blocked, id=20056, stack(0x0000004efd200000,0x0000004efd300000)]
  0x0000016ec27df7d0 JavaThread "JNA Cleaner" daemon [_thread_blocked, id=14832, stack(0x0000004efe000000,0x0000004efe100000)]
  0x0000016ec27e1630 JavaThread "Worker-0" [_thread_blocked, id=18420, stack(0x0000004efe400000,0x0000004efe500000)]
  0x0000016ec27dfce0 JavaThread "Worker-1: Java indexing... " [_thread_blocked, id=9832, stack(0x0000004efe500000,0x0000004efe600000)]
  0x0000016ec27e2050 JavaThread "Worker-2" [_thread_blocked, id=8292, stack(0x0000004efe600000,0x0000004efe700000)]
  0x0000016ec2aaa080 JavaThread "C2 CompilerThread1" daemon [_thread_blocked, id=18388, stack(0x0000004efe700000,0x0000004efe800000)]
  0x0000016ec27de8a0 JavaThread "Java indexing" daemon [_thread_in_Java, id=21124, stack(0x0000004efe800000,0x0000004efe900000)]
  0x0000016ec27e01f0 JavaThread "Thread-2" daemon [_thread_in_native, id=18016, stack(0x0000004efeb00000,0x0000004efec00000)]
  0x0000016ec27e0700 JavaThread "Thread-3" daemon [_thread_in_native, id=17836, stack(0x0000004efec00000,0x0000004efed00000)]
  0x0000016ec27e0c10 JavaThread "Thread-4" daemon [_thread_in_native, id=22252, stack(0x0000004efed00000,0x0000004efee00000)]
  0x0000016ec418e4a0 JavaThread "Thread-5" daemon [_thread_in_native, id=11280, stack(0x0000004efee00000,0x0000004efef00000)]
  0x0000016ec418e9b0 JavaThread "Thread-6" daemon [_thread_in_native, id=8112, stack(0x0000004efef00000,0x0000004eff000000)]
  0x0000016ec418da80 JavaThread "Thread-7" daemon [_thread_in_native, id=21744, stack(0x0000004eff000000,0x0000004eff100000)]
  0x0000016ec418eec0 JavaThread "Thread-8" daemon [_thread_in_native, id=8840, stack(0x0000004eff100000,0x0000004eff200000)]
  0x0000016ec418f3d0 JavaThread "Thread-9" daemon [_thread_in_native, id=18412, stack(0x0000004eff200000,0x0000004eff300000)]
  0x0000016ec418f8e0 JavaThread "Thread-10" daemon [_thread_in_native, id=14664, stack(0x0000004eff300000,0x0000004eff400000)]
  0x0000016ec418d060 JavaThread "pool-2-thread-1" [_thread_blocked, id=17332, stack(0x0000004eff400000,0x0000004eff500000)]
  0x0000016ec4190d20 JavaThread "WorkspaceEventsHandler" [_thread_blocked, id=20516, stack(0x0000004eff500000,0x0000004eff600000)]
  0x0000016ec418fdf0 JavaThread "pool-1-thread-1" [_thread_blocked, id=8584, stack(0x0000004eff600000,0x0000004eff700000)]
  0x0000016ec4190300 JavaThread "Worker-3" [_thread_blocked, id=11460, stack(0x0000004eff700000,0x0000004eff800000)]
  0x0000016ec4190810 JavaThread "Worker-4" [_thread_blocked, id=17752, stack(0x0000004eff800000,0x0000004eff900000)]
  0x0000016ec4191230 JavaThread "Worker-5: Initialize workspace" [_thread_in_native, id=9816, stack(0x0000004eff900000,0x0000004effa00000)]
  0x0000016ec4191740 JavaThread "Worker-6" [_thread_blocked, id=2296, stack(0x0000004effa00000,0x0000004effb00000)]
  0x0000016ec386acb0 JavaThread "C2 CompilerThread2" daemon [_thread_blocked, id=21900, stack(0x0000004effb00000,0x0000004effc00000)]
  0x0000016ec418df90 JavaThread "Worker-7" [_thread_blocked, id=13496, stack(0x0000004effc00000,0x0000004effd00000)]
  0x0000016ec4192160 JavaThread "LocalFile Deleter" daemon [_thread_blocked, id=22388, stack(0x0000004efe300000,0x0000004efe400000)]
  0x0000016ec4191c50 JavaThread "LocalFile Deleter" daemon [_thread_blocked, id=15580, stack(0x0000004effd00000,0x0000004effe00000)]
  0x0000016ec4193fc0 JavaThread "LocalFile Deleter" daemon [_thread_blocked, id=18024, stack(0x0000004effe00000,0x0000004efff00000)]
  0x0000016ec4193090 JavaThread "LocalFile Deleter" daemon [_thread_blocked, id=5128, stack(0x0000004efff00000,0x0000004f00000000)]
  0x0000016ec41949e0 JavaThread "LocalFile Deleter" daemon [_thread_blocked, id=9428, stack(0x0000004e80000000,0x0000004e80100000)]
  0x0000016ec41944d0 JavaThread "LocalFile Deleter" daemon [_thread_blocked, id=10948, stack(0x0000004e80100000,0x0000004e80200000)]
  0x0000016ec4192670 JavaThread "LocalFile Deleter" daemon [_thread_blocked, id=9008, stack(0x0000004e80200000,0x0000004e80300000)]
  0x0000016ec4192b80 JavaThread "LocalFile Deleter" daemon [_thread_blocked, id=17516, stack(0x0000004e80300000,0x0000004e80400000)]
  0x0000016ec41935a0 JavaThread "Compiler Source File Reader" daemon [_thread_blocked, id=21776, stack(0x0000004e80400000,0x0000004e80500000)]
  0x0000016ec4193ab0 JavaThread "Compiler Source File Reader" daemon [_thread_blocked, id=10188, stack(0x0000004e80500000,0x0000004e80600000)]
  0x0000016ec27e1120 JavaThread "Compiler Source File Reader" daemon [_thread_blocked, id=9020, stack(0x0000004e80600000,0x0000004e80700000)]
  0x0000016ec27dedb0 JavaThread "Compiler Source File Reader" daemon [_thread_blocked, id=13696, stack(0x0000004e80700000,0x0000004e80800000)]
  0x0000016ec88c03a0 JavaThread "Compiler Source File Reader" daemon [_thread_blocked, id=5208, stack(0x0000004e80800000,0x0000004e80900000)]
  0x0000016ec88be030 JavaThread "Compiler Source File Reader" daemon [_thread_blocked, id=11560, stack(0x0000004e80900000,0x0000004e80a00000)]
  0x0000016ec88c1cf0 JavaThread "Compiler Processing Task" daemon [_thread_blocked, id=2092, stack(0x0000004e80a00000,0x0000004e80b00000)]
  0x0000016ec88bef60 JavaThread "Compiler Class File Writer" daemon [_thread_blocked, id=4668, stack(0x0000004e80b00000,0x0000004e80c00000)]
  0x0000016ec88c12d0 JavaThread "Compiler Class File Writer" daemon [_thread_blocked, id=20088, stack(0x0000004e80c00000,0x0000004e80d00000)]
  0x0000016ec88c08b0 JavaThread "Compiler Class File Writer" daemon [_thread_blocked, id=11548, stack(0x0000004e80d00000,0x0000004e80e00000)]
  0x0000016ec88bea50 JavaThread "Compiler Class File Writer" daemon [_thread_blocked, id=11600, stack(0x0000004e80e00000,0x0000004e80f00000)]
  0x0000016ec88be540 JavaThread "Compiler Class File Writer" daemon [_thread_blocked, id=20500, stack(0x0000004e80f00000,0x0000004e81000000)]
  0x0000016ec88c0dc0 JavaThread "Compiler Class File Writer" daemon [_thread_blocked, id=3440, stack(0x0000004e81000000,0x0000004e81100000)]
  0x0000016ec88bfe90 JavaThread "ForkJoinPool.commonPool-worker-1" daemon [_thread_blocked, id=19752, stack(0x0000004e81100000,0x0000004e81200000)]
  0x0000016ec88c17e0 JavaThread "ForkJoinPool.commonPool-worker-2" daemon [_thread_blocked, id=10920, stack(0x0000004e81200000,0x0000004e81300000)]
  0x0000016ec88c2710 JavaThread "ForkJoinPool.commonPool-worker-3" daemon [_thread_blocked, id=4424, stack(0x0000004e81300000,0x0000004e81400000)]
  0x0000016ec88c2c20 JavaThread "ForkJoinPool.commonPool-worker-4" daemon [_thread_blocked, id=17252, stack(0x0000004e81400000,0x0000004e81500000)]
  0x0000016ec88c3130 JavaThread "SCR Component Registry" daemon [_thread_blocked, id=21780, stack(0x0000004e81500000,0x0000004e81600000)]

Other Threads:
  0x0000016ea78f6970 VMThread "VM Thread" [stack: 0x0000004efc700000,0x0000004efc800000] [id=20596]
  0x0000016ec0b53260 WatcherThread [stack: 0x0000004efd400000,0x0000004efd500000] [id=6280]
  0x0000016ea7864530 GCTaskThread "GC Thread#0" [stack: 0x0000004efc600000,0x0000004efc700000] [id=20932]
  0x0000016ec2036240 GCTaskThread "GC Thread#1" [stack: 0x0000004efd500000,0x0000004efd600000] [id=11960]
  0x0000016ec1bacae0 GCTaskThread "GC Thread#2" [stack: 0x0000004efd600000,0x0000004efd700000] [id=18244]
  0x0000016ec1bacda0 GCTaskThread "GC Thread#3" [stack: 0x0000004efd700000,0x0000004efd800000] [id=21480]
  0x0000016ec1df2080 GCTaskThread "GC Thread#4" [stack: 0x0000004efd800000,0x0000004efd900000] [id=14548]
  0x0000016ec1df2340 GCTaskThread "GC Thread#5" [stack: 0x0000004efd900000,0x0000004efda00000] [id=336]
  0x0000016ec1e58a30 GCTaskThread "GC Thread#6" [stack: 0x0000004efda00000,0x0000004efdb00000] [id=20908]
  0x0000016ec2136da0 GCTaskThread "GC Thread#7" [stack: 0x0000004efdf00000,0x0000004efe000000] [id=4812]

Threads with active compile tasks:
C2 CompilerThread0    20174 11422       4       jdk.internal.org.objectweb.asm.Frame::execute (2318 bytes)

VM state: not at safepoint (normal execution)

VM Mutex/Monitor currently owned by a thread: None

Heap address: 0x00000000c0000000, size: 1024 MB, Compressed Oops mode: 32-bit

CDS archive(s) not mapped
Compressed class space mapped at: 0x0000000100000000-0x0000000140000000, reserved size: 1073741824
Narrow klass base: 0x0000000000000000, Narrow klass shift: 3, Narrow klass range: 0x140000000

GC Precious Log:
 CPUs: 8 total, 8 available
 Memory: 8025M
 Large Page Support: Disabled
 NUMA Support: Disabled
 Compressed Oops: Enabled (32-bit)
 Alignments: Space 512K, Generation 512K, Heap 2M
 Heap Min Capacity: 100M
 Heap Initial Capacity: 100M
 Heap Max Capacity: 1G
 Pre-touch: Disabled
 Parallel Workers: 8

Heap:
 PSYoungGen      total 4096K, used 2864K [0x00000000eab00000, 0x00000000eb000000, 0x0000000100000000)
  eden space 3072K, 77% used [0x00000000eab00000,0x00000000ead54028,0x00000000eae00000)
  from space 1024K, 46% used [0x00000000eaf00000,0x00000000eaf78000,0x00000000eb000000)
  to   space 1024K, 0% used [0x00000000eae00000,0x00000000eae00000,0x00000000eaf00000)
 ParOldGen       total 196096K, used 187694K [0x00000000c0000000, 0x00000000cbf80000, 0x00000000eab00000)
  object space 196096K, 95% used [0x00000000c0000000,0x00000000cb74bb78,0x00000000cbf80000)
 Metaspace       used 69690K, committed 71040K, reserved 1114112K
  class space    used 7274K, committed 7872K, reserved 1048576K

Card table byte_map: [0x0000016ea71e0000,0x0000016ea73f0000] _byte_map_base: 0x0000016ea6be0000

Marking Bits: (ParMarkBitMap*) 0x00007ffd2e716940
 Begin Bits: [0x0000016eb94e0000, 0x0000016eba4e0000)
 End Bits:   [0x0000016eba4e0000, 0x0000016ebb4e0000)

Polling page: 0x0000016ea6f40000

Metaspace:

Usage:
  Non-class:     60.95 MB used.
      Class:      7.10 MB used.
       Both:     68.06 MB used.

Virtual space:
  Non-class space:       64.00 MB reserved,      61.69 MB ( 96%) committed,  1 nodes.
      Class space:        1.00 GB reserved,       7.69 MB ( <1%) committed,  1 nodes.
             Both:        1.06 GB reserved,      69.38 MB (  6%) committed. 

Chunk freelists:
   Non-Class:  2.33 MB
       Class:  8.13 MB
        Both:  10.45 MB

MaxMetaspaceSize: unlimited
CompressedClassSpaceSize: 1.00 GB
Initial GC threshold: 21.00 MB
Current GC threshold: 114.31 MB
CDS: off
MetaspaceReclaimPolicy: balanced
 - commit_granule_bytes: 65536.
 - commit_granule_words: 8192.
 - virtual_space_node_default_size: 8388608.
 - enlarge_chunks_in_place: 1.
 - new_chunks_are_fully_committed: 0.
 - uncommit_free_chunks: 1.
 - use_allocation_guard: 0.
 - handle_deallocations: 1.


Internal statistics:

num_allocs_failed_limit: 6.
num_arena_births: 916.
num_arena_deaths: 30.
num_vsnodes_births: 2.
num_vsnodes_deaths: 0.
num_space_committed: 1110.
num_space_uncommitted: 0.
num_chunks_returned_to_freelist: 44.
num_chunks_taken_from_freelist: 3821.
num_chunk_merges: 20.
num_chunk_splits: 2350.
num_chunks_enlarged: 1353.
num_inconsistent_stats: 0.

CodeHeap 'non-profiled nmethods': size=120000Kb used=6359Kb max_used=7114Kb free=113640Kb
 bounds [0x0000016eb1fb0000, 0x0000016eb26b0000, 0x0000016eb94e0000]
CodeHeap 'profiled nmethods': size=120000Kb used=18668Kb max_used=20545Kb free=101331Kb
 bounds [0x0000016eaa4e0000, 0x0000016eab900000, 0x0000016eb1a10000]
CodeHeap 'non-nmethods': size=5760Kb used=1357Kb max_used=1497Kb free=4402Kb
 bounds [0x0000016eb1a10000, 0x0000016eb1c80000, 0x0000016eb1fb0000]
 total_blobs=9945 nmethods=9237 adapters=619
 compilation: enabled
              stopped_count=0, restarted_count=0
 full_count=0

Compilation events (20 events):
Event: 19.001 Thread 0x0000016ec2aaa080 nmethod 11426% 0x0000016eb21bac90 code [0x0000016eb21bae20, 0x0000016eb21bb338]
Event: 19.001 Thread 0x0000016ec2aaa080 11415       4       java.util.LinkedHashMap::<init> (10 bytes)
Event: 19.002 Thread 0x0000016ec2aaa080 nmethod 11415 0x0000016eb2226610 code [0x0000016eb2226780, 0x0000016eb22267f8]
Event: 19.002 Thread 0x0000016ec2aaa080 11424   !   4       java.lang.ref.ReferenceQueue::enqueue (119 bytes)
Event: 19.005 Thread 0x0000016ec2aaa080 nmethod 11424 0x0000016eb201a010 code [0x0000016eb201a1c0, 0x0000016eb201a5e8]
Event: 19.005 Thread 0x0000016ec2aaa080 11393       4       org.eclipse.core.runtime.Path::lastSegment (22 bytes)
Event: 19.006 Thread 0x0000016ec2aaa080 nmethod 11393 0x0000016eb244b790 code [0x0000016eb244b900, 0x0000016eb244b9b8]
Event: 19.013 Thread 0x0000016ec2aaa080 11427       4       java.util.jar.JarFile::match (132 bytes)
Event: 19.018 Thread 0x0000016ec2aaa080 nmethod 11427 0x0000016eb2425990 code [0x0000016eb2425b20, 0x0000016eb2425e18]
Event: 19.034 Thread 0x0000016ec2aaa080 11428       4       org.eclipse.jdt.internal.compiler.util.Util::scanClassTypeSignature (109 bytes)
Event: 19.039 Thread 0x0000016ec2aaa080 nmethod 11428 0x0000016eb22bfc10 code [0x0000016eb22bfdc0, 0x0000016eb22c0188]
Event: 19.068 Thread 0x0000016ec2aaa080 11429       4       java.util.Collections::unmodifiableList (47 bytes)
Event: 19.070 Thread 0x0000016ec2aaa080 nmethod 11429 0x0000016eb2441110 code [0x0000016eb24412a0, 0x0000016eb2441478]
Event: 19.079 Thread 0x0000016ec2aaa080 11430       4       java.util.LinkedHashMap::afterNodeInsertion (40 bytes)
Event: 19.080 Thread 0x0000016ec2aaa080 nmethod 11430 0x0000016eb2440d90 code [0x0000016eb2440f00, 0x0000016eb2440fb8]
Event: 19.081 Thread 0x0000016ec2aaa080 11431       4       java.util.jar.Manifest$FastInputStream::peek (38 bytes)
Event: 19.082 Thread 0x0000016ec2aaa080 nmethod 11431 0x0000016eb244b310 code [0x0000016eb244b4a0, 0x0000016eb244b5a8]
Event: 19.099 Thread 0x0000016ec0844050 11432       3       java.util.jar.Manifest$FastInputStream::readLine (296 bytes)
Event: 19.100 Thread 0x0000016ec0844050 nmethod 11432 0x0000016eaa513390 code [0x0000016eaa5135c0, 0x0000016eaa513e68]
Event: 19.101 Thread 0x0000016ec2aaa080 11433       4       java.util.jar.Manifest$FastInputStream::readLine (296 bytes)

GC Heap History (20 events):
Event: 18.997 GC heap before
{Heap before GC invocations=249 (full 9):
 PSYoungGen      total 2048K, used 1883K [0x00000000eab00000, 0x00000000eae00000, 0x0000000100000000)
  eden space 1536K, 99% used [0x00000000eab00000,0x00000000eac7ed38,0x00000000eac80000)
  from space 512K, 68% used [0x00000000eac80000,0x00000000eacd8020,0x00000000ead00000)
  to   space 512K, 0% used [0x00000000ead80000,0x00000000ead80000,0x00000000eae00000)
 ParOldGen       total 196096K, used 182366K [0x00000000c0000000, 0x00000000cbf80000, 0x00000000eab00000)
  object space 196096K, 92% used [0x00000000c0000000,0x00000000cb2179d0,0x00000000cbf80000)
 Metaspace       used 69690K, committed 71040K, reserved 1114112K
  class space    used 7274K, committed 7872K, reserved 1048576K
}
Event: 18.998 GC heap after
{Heap after GC invocations=249 (full 9):
 PSYoungGen      total 2048K, used 405K [0x00000000eab00000, 0x00000000eae00000, 0x0000000100000000)
  eden space 1536K, 0% used [0x00000000eab00000,0x00000000eab00000,0x00000000eac80000)
  from space 512K, 79% used [0x00000000ead80000,0x00000000eade55b0,0x00000000eae00000)
  to   space 512K, 0% used [0x00000000eac80000,0x00000000eac80000,0x00000000ead00000)
 ParOldGen       total 196096K, used 182470K [0x00000000c0000000, 0x00000000cbf80000, 0x00000000eab00000)
  object space 196096K, 93% used [0x00000000c0000000,0x00000000cb2319f0,0x00000000cbf80000)
 Metaspace       used 69690K, committed 71040K, reserved 1114112K
  class space    used 7274K, committed 7872K, reserved 1048576K
}
Event: 19.008 GC heap before
{Heap before GC invocations=250 (full 9):
 PSYoungGen      total 2048K, used 1941K [0x00000000eab00000, 0x00000000eae00000, 0x0000000100000000)
  eden space 1536K, 100% used [0x00000000eab00000,0x00000000eac80000,0x00000000eac80000)
  from space 512K, 79% used [0x00000000ead80000,0x00000000eade55b0,0x00000000eae00000)
  to   space 512K, 0% used [0x00000000eac80000,0x00000000eac80000,0x00000000ead00000)
 ParOldGen       total 196096K, used 182470K [0x00000000c0000000, 0x00000000cbf80000, 0x00000000eab00000)
  object space 196096K, 93% used [0x00000000c0000000,0x00000000cb2319f0,0x00000000cbf80000)
 Metaspace       used 69690K, committed 71040K, reserved 1114112K
  class space    used 7274K, committed 7872K, reserved 1048576K
}
Event: 19.009 GC heap after
{Heap after GC invocations=250 (full 9):
 PSYoungGen      total 2048K, used 501K [0x00000000eab00000, 0x00000000eae80000, 0x0000000100000000)
  eden space 1536K, 0% used [0x00000000eab00000,0x00000000eab00000,0x00000000eac80000)
  from space 512K, 97% used [0x00000000eac80000,0x00000000eacfd480,0x00000000ead00000)
  to   space 1024K, 0% used [0x00000000ead80000,0x00000000ead80000,0x00000000eae80000)
 ParOldGen       total 196096K, used 182526K [0x00000000c0000000, 0x00000000cbf80000, 0x00000000eab00000)
  object space 196096K, 93% used [0x00000000c0000000,0x00000000cb23f9f0,0x00000000cbf80000)
 Metaspace       used 69690K, committed 71040K, reserved 1114112K
  class space    used 7274K, committed 7872K, reserved 1048576K
}
Event: 19.016 GC heap before
{Heap before GC invocations=251 (full 9):
 PSYoungGen      total 2048K, used 1961K [0x00000000eab00000, 0x00000000eae80000, 0x0000000100000000)
  eden space 1536K, 95% used [0x00000000eab00000,0x00000000eac6d338,0x00000000eac80000)
  from space 512K, 97% used [0x00000000eac80000,0x00000000eacfd480,0x00000000ead00000)
  to   space 1024K, 0% used [0x00000000ead80000,0x00000000ead80000,0x00000000eae80000)
 ParOldGen       total 196096K, used 182526K [0x00000000c0000000, 0x00000000cbf80000, 0x00000000eab00000)
  object space 196096K, 93% used [0x00000000c0000000,0x00000000cb23f9f0,0x00000000cbf80000)
 Metaspace       used 69690K, committed 71040K, reserved 1114112K
  class space    used 7274K, committed 7872K, reserved 1048576K
}
Event: 19.018 GC heap after
{Heap after GC invocations=251 (full 9):
 PSYoungGen      total 2560K, used 512K [0x00000000eab00000, 0x00000000eae80000, 0x0000000100000000)
  eden space 1536K, 0% used [0x00000000eab00000,0x00000000eab00000,0x00000000eac80000)
  from space 1024K, 50% used [0x00000000ead80000,0x00000000eae00000,0x00000000eae80000)
  to   space 1024K, 0% used [0x00000000eac80000,0x00000000eac80000,0x00000000ead80000)
 ParOldGen       total 196096K, used 182736K [0x00000000c0000000, 0x00000000cbf80000, 0x00000000eab00000)
  object space 196096K, 93% used [0x00000000c0000000,0x00000000cb274078,0x00000000cbf80000)
 Metaspace       used 69690K, committed 71040K, reserved 1114112K
  class space    used 7274K, committed 7872K, reserved 1048576K
}
Event: 19.025 GC heap before
{Heap before GC invocations=252 (full 9):
 PSYoungGen      total 2560K, used 2048K [0x00000000eab00000, 0x00000000eae80000, 0x0000000100000000)
  eden space 1536K, 100% used [0x00000000eab00000,0x00000000eac80000,0x00000000eac80000)
  from space 1024K, 50% used [0x00000000ead80000,0x00000000eae00000,0x00000000eae80000)
  to   space 1024K, 0% used [0x00000000eac80000,0x00000000eac80000,0x00000000ead80000)
 ParOldGen       total 196096K, used 182736K [0x00000000c0000000, 0x00000000cbf80000, 0x00000000eab00000)
  object space 196096K, 93% used [0x00000000c0000000,0x00000000cb274078,0x00000000cbf80000)
 Metaspace       used 69690K, committed 71040K, reserved 1114112K
  class space    used 7274K, committed 7872K, reserved 1048576K
}
Event: 19.027 GC heap after
{Heap after GC invocations=252 (full 9):
 PSYoungGen      total 2560K, used 512K [0x00000000eab00000, 0x00000000eaf00000, 0x0000000100000000)
  eden space 1536K, 0% used [0x00000000eab00000,0x00000000eab00000,0x00000000eac80000)
  from space 1024K, 50% used [0x00000000eac80000,0x00000000ead00000,0x00000000ead80000)
  to   space 1024K, 0% used [0x00000000eae00000,0x00000000eae00000,0x00000000eaf00000)
 ParOldGen       total 196096K, used 182961K [0x00000000c0000000, 0x00000000cbf80000, 0x00000000eab00000)
  object space 196096K, 93% used [0x00000000c0000000,0x00000000cb2ac7b0,0x00000000cbf80000)
 Metaspace       used 69690K, committed 71040K, reserved 1114112K
  class space    used 7274K, committed 7872K, reserved 1048576K
}
Event: 19.035 GC heap before
{Heap before GC invocations=253 (full 9):
 PSYoungGen      total 2560K, used 2048K [0x00000000eab00000, 0x00000000eaf00000, 0x0000000100000000)
  eden space 1536K, 100% used [0x00000000eab00000,0x00000000eac80000,0x00000000eac80000)
  from space 1024K, 50% used [0x00000000eac80000,0x00000000ead00000,0x00000000ead80000)
  to   space 1024K, 0% used [0x00000000eae00000,0x00000000eae00000,0x00000000eaf00000)
 ParOldGen       total 196096K, used 182961K [0x00000000c0000000, 0x00000000cbf80000, 0x00000000eab00000)
  object space 196096K, 93% used [0x00000000c0000000,0x00000000cb2ac7b0,0x00000000cbf80000)
 Metaspace       used 69690K, committed 71040K, reserved 1114112K
  class space    used 7274K, committed 7872K, reserved 1048576K
}
Event: 19.038 GC heap after
{Heap after GC invocations=253 (full 9):
 PSYoungGen      total 2560K, used 416K [0x00000000eab00000, 0x00000000eae80000, 0x0000000100000000)
  eden space 2048K, 0% used [0x00000000eab00000,0x00000000eab00000,0x00000000ead00000)
  from space 512K, 81% used [0x00000000eae00000,0x00000000eae68000,0x00000000eae80000)
  to   space 512K, 0% used [0x00000000ead80000,0x00000000ead80000,0x00000000eae00000)
 ParOldGen       total 196096K, used 183363K [0x00000000c0000000, 0x00000000cbf80000, 0x00000000eab00000)
  object space 196096K, 93% used [0x00000000c0000000,0x00000000cb310e40,0x00000000cbf80000)
 Metaspace       used 69690K, committed 71040K, reserved 1114112K
  class space    used 7274K, committed 7872K, reserved 1048576K
}
Event: 19.056 GC heap before
{Heap before GC invocations=254 (full 9):
 PSYoungGen      total 2560K, used 2459K [0x00000000eab00000, 0x00000000eae80000, 0x0000000100000000)
  eden space 2048K, 99% used [0x00000000eab00000,0x00000000eacfef10,0x00000000ead00000)
  from space 512K, 81% used [0x00000000eae00000,0x00000000eae68000,0x00000000eae80000)
  to   space 512K, 0% used [0x00000000ead80000,0x00000000ead80000,0x00000000eae00000)
 ParOldGen       total 196096K, used 183363K [0x00000000c0000000, 0x00000000cbf80000, 0x00000000eab00000)
  object space 196096K, 93% used [0x00000000c0000000,0x00000000cb310e40,0x00000000cbf80000)
 Metaspace       used 69690K, committed 71040K, reserved 1114112K
  class space    used 7274K, committed 7872K, reserved 1048576K
}
Event: 19.058 GC heap after
{Heap after GC invocations=254 (full 9):
 PSYoungGen      total 3072K, used 468K [0x00000000eab00000, 0x00000000eae80000, 0x0000000100000000)
  eden space 2560K, 0% used [0x00000000eab00000,0x00000000eab00000,0x00000000ead80000)
  from space 512K, 91% used [0x00000000ead80000,0x00000000eadf5238,0x00000000eae00000)
  to   space 512K, 0% used [0x00000000eae00000,0x00000000eae00000,0x00000000eae80000)
 ParOldGen       total 196096K, used 183605K [0x00000000c0000000, 0x00000000cbf80000, 0x00000000eab00000)
  object space 196096K, 93% used [0x00000000c0000000,0x00000000cb34d5d0,0x00000000cbf80000)
 Metaspace       used 69690K, committed 71040K, reserved 1114112K
  class space    used 7274K, committed 7872K, reserved 1048576K
}
Event: 19.075 GC heap before
{Heap before GC invocations=255 (full 9):
 PSYoungGen      total 3072K, used 3028K [0x00000000eab00000, 0x00000000eae80000, 0x0000000100000000)
  eden space 2560K, 100% used [0x00000000eab00000,0x00000000ead80000,0x00000000ead80000)
  from space 512K, 91% used [0x00000000ead80000,0x00000000eadf5238,0x00000000eae00000)
  to   space 512K, 0% used [0x00000000eae00000,0x00000000eae00000,0x00000000eae80000)
 ParOldGen       total 196096K, used 183605K [0x00000000c0000000, 0x00000000cbf80000, 0x00000000eab00000)
  object space 196096K, 93% used [0x00000000c0000000,0x00000000cb34d5d0,0x00000000cbf80000)
 Metaspace       used 69690K, committed 71040K, reserved 1114112K
  class space    used 7274K, committed 7872K, reserved 1048576K
}
Event: 19.077 GC heap after
{Heap after GC invocations=255 (full 9):
 PSYoungGen      total 2560K, used 508K [0x00000000eab00000, 0x00000000eb000000, 0x0000000100000000)
  eden space 2048K, 0% used [0x00000000eab00000,0x00000000eab00000,0x00000000ead00000)
  from space 512K, 99% used [0x00000000eae00000,0x00000000eae7f1b8,0x00000000eae80000)
  to   space 1024K, 0% used [0x00000000ead00000,0x00000000ead00000,0x00000000eae00000)
 ParOldGen       total 196096K, used 183949K [0x00000000c0000000, 0x00000000cbf80000, 0x00000000eab00000)
  object space 196096K, 93% used [0x00000000c0000000,0x00000000cb3a3600,0x00000000cbf80000)
 Metaspace       used 69690K, committed 71040K, reserved 1114112K
  class space    used 7274K, committed 7872K, reserved 1048576K
}
Event: 19.082 GC heap before
{Heap before GC invocations=256 (full 9):
 PSYoungGen      total 2560K, used 2545K [0x00000000eab00000, 0x00000000eb000000, 0x0000000100000000)
  eden space 2048K, 99% used [0x00000000eab00000,0x00000000eacfd2b8,0x00000000ead00000)
  from space 512K, 99% used [0x00000000eae00000,0x00000000eae7f1b8,0x00000000eae80000)
  to   space 1024K, 0% used [0x00000000ead00000,0x00000000ead00000,0x00000000eae00000)
 ParOldGen       total 196096K, used 183949K [0x00000000c0000000, 0x00000000cbf80000, 0x00000000eab00000)
  object space 196096K, 93% used [0x00000000c0000000,0x00000000cb3a3600,0x00000000cbf80000)
 Metaspace       used 69690K, committed 71040K, reserved 1114112K
  class space    used 7274K, committed 7872K, reserved 1048576K
}
Event: 19.084 GC heap after
{Heap after GC invocations=256 (full 9):
 PSYoungGen      total 3072K, used 721K [0x00000000eab00000, 0x00000000eaf80000, 0x0000000100000000)
  eden space 2048K, 0% used [0x00000000eab00000,0x00000000eab00000,0x00000000ead00000)
  from space 1024K, 70% used [0x00000000ead00000,0x00000000eadb4708,0x00000000eae00000)
  to   space 1024K, 0% used [0x00000000eae80000,0x00000000eae80000,0x00000000eaf80000)
 ParOldGen       total 196096K, used 184309K [0x00000000c0000000, 0x00000000cbf80000, 0x00000000eab00000)
  object space 196096K, 93% used [0x00000000c0000000,0x00000000cb3fd608,0x00000000cbf80000)
 Metaspace       used 69690K, committed 71040K, reserved 1114112K
  class space    used 7274K, committed 7872K, reserved 1048576K
}
Event: 19.093 GC heap before
{Heap before GC invocations=257 (full 9):
 PSYoungGen      total 3072K, used 2769K [0x00000000eab00000, 0x00000000eaf80000, 0x0000000100000000)
  eden space 2048K, 100% used [0x00000000eab00000,0x00000000ead00000,0x00000000ead00000)
  from space 1024K, 70% used [0x00000000ead00000,0x00000000eadb4708,0x00000000eae00000)
  to   space 1024K, 0% used [0x00000000eae80000,0x00000000eae80000,0x00000000eaf80000)
 ParOldGen       total 196096K, used 184309K [0x00000000c0000000, 0x00000000cbf80000, 0x00000000eab00000)
  object space 196096K, 93% used [0x00000000c0000000,0x00000000cb3fd608,0x00000000cbf80000)
 Metaspace       used 69690K, committed 71040K, reserved 1114112K
  class space    used 7274K, committed 7872K, reserved 1048576K
}
Event: 19.095 GC heap after
{Heap after GC invocations=257 (full 9):
 PSYoungGen      total 3584K, used 820K [0x00000000eab00000, 0x00000000eaf80000, 0x0000000100000000)
  eden space 2560K, 0% used [0x00000000eab00000,0x00000000eab00000,0x00000000ead80000)
  from space 1024K, 80% used [0x00000000eae80000,0x00000000eaf4d160,0x00000000eaf80000)
  to   space 1024K, 0% used [0x00000000ead80000,0x00000000ead80000,0x00000000eae80000)
 ParOldGen       total 196096K, used 184523K [0x00000000c0000000, 0x00000000cbf80000, 0x00000000eab00000)
  object space 196096K, 94% used [0x00000000c0000000,0x00000000cb432c38,0x00000000cbf80000)
 Metaspace       used 69690K, committed 71040K, reserved 1114112K
  class space    used 7274K, committed 7872K, reserved 1048576K
}
Event: 19.104 GC heap before
{Heap before GC invocations=258 (full 9):
 PSYoungGen      total 3584K, used 3380K [0x00000000eab00000, 0x00000000eaf80000, 0x0000000100000000)
  eden space 2560K, 100% used [0x00000000eab00000,0x00000000ead80000,0x00000000ead80000)
  from space 1024K, 80% used [0x00000000eae80000,0x00000000eaf4d160,0x00000000eaf80000)
  to   space 1024K, 0% used [0x00000000ead80000,0x00000000ead80000,0x00000000eae80000)
 ParOldGen       total 196096K, used 184594K [0x00000000c0000000, 0x00000000cbf80000, 0x00000000eab00000)
  object space 196096K, 94% used [0x00000000c0000000,0x00000000cb444858,0x00000000cbf80000)
 Metaspace       used 69690K, committed 71040K, reserved 1114112K
  class space    used 7274K, committed 7872K, reserved 1048576K
}
Event: 20.132 GC heap after
{Heap after GC invocations=258 (full 9):
 PSYoungGen      total 3584K, used 1002K [0x00000000eab00000, 0x00000000eb180000, 0x0000000100000000)
  eden space 2560K, 0% used [0x00000000eab00000,0x00000000eab00000,0x00000000ead80000)
  from space 1024K, 97% used [0x00000000ead80000,0x00000000eae7aa58,0x00000000eae80000)
  to   space 2048K, 0% used [0x00000000eaf80000,0x00000000eaf80000,0x00000000eb180000)
 ParOldGen       total 196096K, used 185377K [0x00000000c0000000, 0x00000000cbf80000, 0x00000000eab00000)
  object space 196096K, 94% used [0x00000000c0000000,0x00000000cb5086f8,0x00000000cbf80000)
 Metaspace       used 69690K, committed 71040K, reserved 1114112K
  class space    used 7274K, committed 7872K, reserved 1048576K
}

Dll operation events (10 events):
Event: 0.014 Loaded shared library c:\Users\venka\.vscode\extensions\redhat.java-1.38.0-win32-x64\jre\17.0.13-win32-x86_64\bin\java.dll
Event: 0.235 Loaded shared library c:\Users\venka\.vscode\extensions\redhat.java-1.38.0-win32-x64\jre\17.0.13-win32-x86_64\bin\zip.dll
Event: 0.239 Loaded shared library C:\Users\venka\.vscode\extensions\redhat.java-1.38.0-win32-x64\jre\17.0.13-win32-x86_64\bin\instrument.dll
Event: 0.255 Loaded shared library C:\Users\venka\.vscode\extensions\redhat.java-1.38.0-win32-x64\jre\17.0.13-win32-x86_64\bin\net.dll
Event: 0.257 Loaded shared library C:\Users\venka\.vscode\extensions\redhat.java-1.38.0-win32-x64\jre\17.0.13-win32-x86_64\bin\nio.dll
Event: 0.266 Loaded shared library C:\Users\venka\.vscode\extensions\redhat.java-1.38.0-win32-x64\jre\17.0.13-win32-x86_64\bin\zip.dll
Event: 0.288 Loaded shared library C:\Users\venka\.vscode\extensions\redhat.java-1.38.0-win32-x64\jre\17.0.13-win32-x86_64\bin\jimage.dll
Event: 0.383 Loaded shared library c:\Users\venka\.vscode\extensions\redhat.java-1.38.0-win32-x64\jre\17.0.13-win32-x86_64\bin\verify.dll
Event: 2.181 Loaded shared library C:\Users\venka\AppData\Roaming\Code\User\globalStorage\redhat.java\1.38.0\config_win\org.eclipse.equinox.launcher\org.eclipse.equinox.launcher.win32.win32.x86_64_1.2.1100.v20240722-2106\eclipse_11904.dll
Event: 4.331 Loaded shared library C:\Users\venka\AppData\Local\Temp\jna-112093493\jna260290749851600.dll

Deoptimization events (20 events):
Event: 18.856 Thread 0x0000016ec4191230 DEOPT PACKING pc=0x0000016eb2634a34 sp=0x0000004eff9fd3e0
Event: 18.856 Thread 0x0000016ec4191230 DEOPT UNPACKING pc=0x0000016eb1a666a3 sp=0x0000004eff9fd270 mode 2
Event: 18.856 Thread 0x0000016ec4191230 Uncommon trap: trap_request=0xffffff45 fr.pc=0x0000016eb2574d3c relative=0x000000000000117c
Event: 18.856 Thread 0x0000016ec4191230 Uncommon trap: reason=unstable_if action=reinterpret pc=0x0000016eb2574d3c method=java.util.concurrent.ConcurrentHashMap.putVal(Ljava/lang/Object;Ljava/lang/Object;Z)Ljava/lang/Object; @ 162 c2
Event: 18.856 Thread 0x0000016ec4191230 DEOPT PACKING pc=0x0000016eb2574d3c sp=0x0000004eff9fd260
Event: 18.856 Thread 0x0000016ec4191230 DEOPT UNPACKING pc=0x0000016eb1a666a3 sp=0x0000004eff9fd1e8 mode 2
Event: 18.858 Thread 0x0000016ec4191230 Uncommon trap: trap_request=0xfffffff4 fr.pc=0x0000016eb1fea448 relative=0x00000000000002a8
Event: 18.858 Thread 0x0000016ec4191230 Uncommon trap: reason=null_check action=make_not_entrant pc=0x0000016eb1fea448 method=java.lang.invoke.MethodType.equals(Ljava/lang/Object;)Z @ 39 c2
Event: 18.858 Thread 0x0000016ec4191230 DEOPT PACKING pc=0x0000016eb1fea448 sp=0x0000004eff9fd420
Event: 18.858 Thread 0x0000016ec4191230 DEOPT UNPACKING pc=0x0000016eb1a666a3 sp=0x0000004eff9fd3b8 mode 2
Event: 18.860 Thread 0x0000016ec4191230 Uncommon trap: trap_request=0xffffffde fr.pc=0x0000016eb21d5d04 relative=0x0000000000000264
Event: 18.860 Thread 0x0000016ec4191230 Uncommon trap: reason=class_check action=maybe_recompile pc=0x0000016eb21d5d04 method=java.util.Comparator.lambda$comparing$77a9974f$1(Ljava/util/function/Function;Ljava/lang/Object;Ljava/lang/Object;)I @ 7 c2
Event: 18.860 Thread 0x0000016ec4191230 DEOPT PACKING pc=0x0000016eb21d5d04 sp=0x0000004eff9fdad0
Event: 18.860 Thread 0x0000016ec4191230 DEOPT UNPACKING pc=0x0000016eb1a666a3 sp=0x0000004eff9fda00 mode 2
Event: 19.013 Thread 0x0000016ec4191230 DEOPT PACKING pc=0x0000016eaac8a496 sp=0x0000004eff9fe180
Event: 19.013 Thread 0x0000016ec4191230 DEOPT UNPACKING pc=0x0000016eb1a66e43 sp=0x0000004eff9fd5f0 mode 0
Event: 19.099 Thread 0x0000016ec4191230 Uncommon trap: trap_request=0xffffff45 fr.pc=0x0000016eb2090f1c relative=0x000000000000065c
Event: 19.099 Thread 0x0000016ec4191230 Uncommon trap: reason=unstable_if action=reinterpret pc=0x0000016eb2090f1c method=java.util.jar.Manifest$FastInputStream.readLine([BII)I @ 130 c2
Event: 19.099 Thread 0x0000016ec4191230 DEOPT PACKING pc=0x0000016eb2090f1c sp=0x0000004eff9fe050
Event: 19.099 Thread 0x0000016ec4191230 DEOPT UNPACKING pc=0x0000016eb1a666a3 sp=0x0000004eff9fdfe0 mode 2

Classes loaded (20 events):
Event: 18.467 Loading class java/util/Collections$SynchronizedRandomAccessList
Event: 18.467 Loading class java/util/Collections$SynchronizedList
Event: 18.467 Loading class java/util/Collections$SynchronizedList done
Event: 18.467 Loading class java/util/Collections$SynchronizedRandomAccessList done
Event: 18.480 Loading class java/util/concurrent/CompletableFuture$Signaller
Event: 18.480 Loading class java/util/concurrent/CompletableFuture$Signaller done
Event: 18.787 Loading class java/util/Hashtable$KeySet
Event: 18.787 Loading class java/util/Hashtable$KeySet done
Event: 18.792 Loading class java/util/concurrent/CompletableFuture$UniApply
Event: 18.792 Loading class java/util/concurrent/CompletableFuture$UniCompletion
Event: 18.792 Loading class java/util/concurrent/CompletableFuture$UniCompletion done
Event: 18.792 Loading class java/util/concurrent/CompletableFuture$UniApply done
Event: 18.793 Loading class java/util/concurrent/ForkJoinPool$DefaultCommonPoolForkJoinWorkerThreadFactory$1
Event: 18.793 Loading class java/util/concurrent/ForkJoinPool$DefaultCommonPoolForkJoinWorkerThreadFactory$1 done
Event: 18.794 Loading class java/util/concurrent/CompletableFuture$UniAccept
Event: 18.794 Loading class java/util/concurrent/CompletableFuture$UniAccept done
Event: 18.794 Loading class java/util/concurrent/CompletableFuture$UniExceptionally
Event: 18.794 Loading class java/util/concurrent/CompletableFuture$UniExceptionally done
Event: 18.795 Loading class java/util/HashMap$ValueSpliterator
Event: 18.795 Loading class java/util/HashMap$ValueSpliterator done

Classes unloaded (15 events):
Event: 5.403 Thread 0x0000016ea78f6970 Unloading class 0x0000000100250000 'java/lang/invoke/LambdaForm$MH+0x0000000100250000'
Event: 5.403 Thread 0x0000016ea78f6970 Unloading class 0x000000010024fc00 'java/lang/invoke/LambdaForm$MH+0x000000010024fc00'
Event: 5.403 Thread 0x0000016ea78f6970 Unloading class 0x000000010024f800 'java/lang/invoke/LambdaForm$MH+0x000000010024f800'
Event: 5.403 Thread 0x0000016ea78f6970 Unloading class 0x000000010024f400 'java/lang/invoke/LambdaForm$MH+0x000000010024f400'
Event: 5.403 Thread 0x0000016ea78f6970 Unloading class 0x000000010024f000 'java/lang/invoke/LambdaForm$BMH+0x000000010024f000'
Event: 5.403 Thread 0x0000016ea78f6970 Unloading class 0x000000010024ec00 'java/lang/invoke/LambdaForm$DMH+0x000000010024ec00'
Event: 5.403 Thread 0x0000016ea78f6970 Unloading class 0x000000010024c400 'java/lang/invoke/LambdaForm$DMH+0x000000010024c400'
Event: 16.060 Thread 0x0000016ea78f6970 Unloading class 0x0000000100746400 'java/lang/invoke/LambdaForm$MH+0x0000000100746400'
Event: 16.060 Thread 0x0000016ea78f6970 Unloading class 0x0000000100746000 'java/lang/invoke/LambdaForm$MH+0x0000000100746000'
Event: 16.060 Thread 0x0000016ea78f6970 Unloading class 0x0000000100745800 'java/lang/invoke/LambdaForm$MH+0x0000000100745800'
Event: 16.060 Thread 0x0000016ea78f6970 Unloading class 0x0000000100745c00 'java/lang/invoke/LambdaForm$MH+0x0000000100745c00'
Event: 16.060 Thread 0x0000016ea78f6970 Unloading class 0x0000000100745000 'java/lang/invoke/LambdaForm$DMH+0x0000000100745000'
Event: 16.061 Thread 0x0000016ea78f6970 Unloading class 0x0000000100744c00 'java/lang/invoke/LambdaForm$DMH+0x0000000100744c00'
Event: 16.061 Thread 0x0000016ea78f6970 Unloading class 0x0000000100744000 'java/lang/invoke/LambdaForm$DMH+0x0000000100744000'
Event: 16.061 Thread 0x0000016ea78f6970 Unloading class 0x0000000100744800 'java/lang/invoke/LambdaForm$DMH+0x0000000100744800'

Classes redefined (0 events):
No events

Internal exceptions (20 events):
Event: 18.215 Thread 0x0000016ec4191740 Exception <a 'sun/nio/fs/WindowsException'{0x00000000eabf7f78}> (0x00000000eabf7f78) 
thrown [s\src\hotspot\share\prims\jni.cpp, line 516]
Event: 18.216 Thread 0x0000016ec4191740 Exception <a 'sun/nio/fs/WindowsException'{0x00000000eac043f8}> (0x00000000eac043f8) 
thrown [s\src\hotspot\share\prims\jni.cpp, line 516]
Event: 18.216 Thread 0x0000016ec4191740 Exception <a 'sun/nio/fs/WindowsException'{0x00000000eac04af8}> (0x00000000eac04af8) 
thrown [s\src\hotspot\share\prims\jni.cpp, line 516]
Event: 18.283 Thread 0x0000016ec418fdf0 Exception <a 'sun/nio/fs/WindowsException'{0x00000000eabc8b88}> (0x00000000eabc8b88) 
thrown [s\src\hotspot\share\prims\jni.cpp, line 516]
Event: 18.283 Thread 0x0000016ec418fdf0 Exception <a 'sun/nio/fs/WindowsException'{0x00000000eabd4de8}> (0x00000000eabd4de8) 
thrown [s\src\hotspot\share\prims\jni.cpp, line 516]
Event: 18.284 Thread 0x0000016ec418fdf0 Exception <a 'sun/nio/fs/WindowsException'{0x00000000eabf47f8}> (0x00000000eabf47f8) 
thrown [s\src\hotspot\share\prims\jni.cpp, line 516]
Event: 18.284 Thread 0x0000016ec418fdf0 Exception <a 'sun/nio/fs/WindowsException'{0x00000000eabf5ae8}> (0x00000000eabf5ae8) 
thrown [s\src\hotspot\share\prims\jni.cpp, line 516]
Event: 18.838 Thread 0x0000016ec4191230 Exception <a 'sun/nio/fs/WindowsException'{0x00000000eab4ab20}> (0x00000000eab4ab20) 
thrown [s\src\hotspot\share\prims\jni.cpp, line 516]
Event: 18.839 Thread 0x0000016ec4191230 Exception <a 'sun/nio/fs/WindowsException'{0x00000000eab4b380}> (0x00000000eab4b380) 
thrown [s\src\hotspot\share\prims\jni.cpp, line 516]
Event: 18.839 Thread 0x0000016ec4191230 Exception <a 'sun/nio/fs/WindowsException'{0x00000000eab5dc00}> (0x00000000eab5dc00) 
thrown [s\src\hotspot\share\prims\jni.cpp, line 516]
Event: 18.839 Thread 0x0000016ec4191230 Exception <a 'sun/nio/fs/WindowsException'{0x00000000eab613f8}> (0x00000000eab613f8) 
thrown [s\src\hotspot\share\prims\jni.cpp, line 516]
Event: 18.842 Thread 0x0000016ec4191230 Exception <a 'java/io/FileNotFoundException'{0x00000000eab7e9e0}> (0x00000000eab7e9e0) 
thrown [s\src\hotspot\share\prims\jni.cpp, line 516]
Event: 18.842 Thread 0x0000016ec4191230 Exception <a 'java/io/FileNotFoundException'{0x00000000eab7f758}> (0x00000000eab7f758) 
thrown [s\src\hotspot\share\prims\jni.cpp, line 516]
Event: 18.847 Thread 0x0000016ec4191230 Exception <a 'sun/nio/fs/WindowsException'{0x00000000eac0a8d8}> (0x00000000eac0a8d8) 
thrown [s\src\hotspot\share\prims\jni.cpp, line 516]
Event: 18.847 Thread 0x0000016ec4191230 Exception <a 'sun/nio/fs/WindowsException'{0x00000000eac0b138}> (0x00000000eac0b138) 
thrown [s\src\hotspot\share\prims\jni.cpp, line 516]
Event: 18.855 Thread 0x0000016ec4191230 Implicit null exception at 0x0000016eb2631890 to 0x0000016eb2634a08
Event: 18.858 Thread 0x0000016ec4191230 Implicit null exception at 0x0000016eb1fea2b5 to 0x0000016eb1fea438
Event: 18.873 Thread 0x0000016ec4191230 Exception <a 'sun/nio/fs/WindowsException'{0x00000000eabd0cf8}> (0x00000000eabd0cf8) 
thrown [s\src\hotspot\share\prims\jni.cpp, line 516]
Event: 18.873 Thread 0x0000016ec4191230 Exception <a 'sun/nio/fs/WindowsException'{0x00000000eabd1800}> (0x00000000eabd1800) 
thrown [s\src\hotspot\share\prims\jni.cpp, line 516]
Event: 18.894 Thread 0x0000016ec4191230 Exception <a 'java/lang/NoSuchMethodError'{0x00000000eabb0890}: 'void java.lang.invoke.DirectMethodHandle$Holder.invokeSpecial(java.lang.Object, java.lang.Object, java.lang.Object, java.lang.Object, java.lang.Object)'> (0x00000000eabb0890) 
thrown [s\src\hotspot\share\interpreter\linkResolver.cpp, line 759]

VM Operations (20 events):
Event: 19.008 Executing VM operation: ParallelGCFailedAllocation
Event: 19.009 Executing VM operation: ParallelGCFailedAllocation done
Event: 19.016 Executing VM operation: ParallelGCFailedAllocation
Event: 19.018 Executing VM operation: ParallelGCFailedAllocation done
Event: 19.025 Executing VM operation: ParallelGCFailedAllocation
Event: 19.027 Executing VM operation: ParallelGCFailedAllocation done
Event: 19.035 Executing VM operation: ParallelGCFailedAllocation
Event: 19.038 Executing VM operation: ParallelGCFailedAllocation done
Event: 19.051 Executing VM operation: ParallelGCFailedAllocation
Event: 19.058 Executing VM operation: ParallelGCFailedAllocation done
Event: 19.074 Executing VM operation: ParallelGCFailedAllocation
Event: 19.077 Executing VM operation: ParallelGCFailedAllocation done
Event: 19.082 Executing VM operation: ParallelGCFailedAllocation
Event: 19.084 Executing VM operation: ParallelGCFailedAllocation done
Event: 19.093 Executing VM operation: ParallelGCFailedAllocation
Event: 19.095 Executing VM operation: ParallelGCFailedAllocation done
Event: 19.103 Executing VM operation: ParallelGCFailedAllocation
Event: 19.103 Executing VM operation: ParallelGCFailedAllocation done
Event: 19.104 Executing VM operation: ParallelGCSystemGC
Event: 20.132 Executing VM operation: ParallelGCSystemGC done

Memory protections (0 events):
No events

Nmethod flushes (20 events):
Event: 18.663 Thread 0x0000016ec0847ca0 flushing  nmethod 0x0000016eab6e7610
Event: 18.663 Thread 0x0000016ec0847ca0 flushing  nmethod 0x0000016eab70c610
Event: 18.663 Thread 0x0000016ec0847ca0 flushing  nmethod 0x0000016eab710090
Event: 18.664 Thread 0x0000016ec0847ca0 flushing  nmethod 0x0000016eab732290
Event: 18.664 Thread 0x0000016ec0847ca0 flushing  nmethod 0x0000016eab7c0b10
Event: 18.664 Thread 0x0000016ec0847ca0 flushing  nmethod 0x0000016eab7c0f90
Event: 18.664 Thread 0x0000016ec0847ca0 flushing  nmethod 0x0000016eab7c2010
Event: 18.664 Thread 0x0000016ec0847ca0 flushing  nmethod 0x0000016eab7c2a10
Event: 18.664 Thread 0x0000016ec0847ca0 flushing  nmethod 0x0000016eab7c4910
Event: 18.664 Thread 0x0000016ec0847ca0 flushing  nmethod 0x0000016eab7c5b90
Event: 18.664 Thread 0x0000016ec0847ca0 flushing  nmethod 0x0000016eab7c6390
Event: 18.664 Thread 0x0000016ec0847ca0 flushing  nmethod 0x0000016eab7c6a10
Event: 18.664 Thread 0x0000016ec0847ca0 flushing  nmethod 0x0000016eab7ca890
Event: 18.664 Thread 0x0000016ec0847ca0 flushing  nmethod 0x0000016eab7ce990
Event: 18.664 Thread 0x0000016ec0847ca0 flushing  nmethod 0x0000016eab829f10
Event: 18.664 Thread 0x0000016ec0847ca0 flushing  nmethod 0x0000016eab842810
Event: 18.664 Thread 0x0000016ec0847ca0 flushing  nmethod 0x0000016eab846310
Event: 18.665 Thread 0x0000016ec0847ca0 flushing  nmethod 0x0000016eab864e90
Event: 18.665 Thread 0x0000016ec0847ca0 flushing  nmethod 0x0000016eab87b210
Event: 18.665 Thread 0x0000016ec0847ca0 flushing  nmethod 0x0000016eab895510

Events (20 events):
Event: 16.711 Thread 0x0000016ec88c2c20 Thread exited: 0x0000016ec88c2c20
Event: 16.712 Thread 0x0000016ec88c2200 Thread exited: 0x0000016ec88c2200
Event: 16.712 Thread 0x0000016ec88bfe90 Thread exited: 0x0000016ec88bfe90
Event: 16.712 Thread 0x0000016ec88c17e0 Thread exited: 0x0000016ec88c17e0
Event: 16.712 Thread 0x0000016ec88c2710 Thread exited: 0x0000016ec88c2710
Event: 17.446 Thread 0x0000016ec4190810 Thread added: 0x0000016ec88bf980
Event: 17.447 Thread 0x0000016ec4190810 Thread added: 0x0000016ec88c3640
Event: 17.447 Thread 0x0000016ec4190810 Thread added: 0x0000016ec88c17e0
Event: 17.447 Thread 0x0000016ec4190810 Thread added: 0x0000016ec88c2c20
Event: 17.467 Thread 0x0000016ec4190810 Thread added: 0x0000016ec88bfe90
Event: 17.484 Thread 0x0000016ec88bfe90 Thread exited: 0x0000016ec88bfe90
Event: 17.484 Thread 0x0000016ec88c17e0 Thread exited: 0x0000016ec88c17e0
Event: 17.484 Thread 0x0000016ec88bf980 Thread exited: 0x0000016ec88bf980
Event: 17.484 Thread 0x0000016ec88c2c20 Thread exited: 0x0000016ec88c2c20
Event: 17.484 Thread 0x0000016ec88c3640 Thread exited: 0x0000016ec88c3640
Event: 18.794 Thread 0x0000016ec418fdf0 Thread added: 0x0000016ec88bfe90
Event: 18.795 Thread 0x0000016ec418fdf0 Thread added: 0x0000016ec88c17e0
Event: 18.809 Thread 0x0000016ec88c17e0 Thread added: 0x0000016ec88c2710
Event: 18.817 Thread 0x0000016ec88c2710 Thread added: 0x0000016ec88c2c20
Event: 18.861 Thread 0x0000016ec4191230 Thread added: 0x0000016ec88c3130


Dynamic libraries:
0x00007ff7c50e0000 - 0x00007ff7c50ee000 	c:\Users\venka\.vscode\extensions\redhat.java-1.38.0-win32-x64\jre\17.0.13-win32-x86_64\bin\java.exe
0x00007ffd9f460000 - 0x00007ffd9f6c3000 	C:\WINDOWS\SYSTEM32\ntdll.dll
0x00007ffd9eda0000 - 0x00007ffd9ee68000 	C:\WINDOWS\System32\KERNEL32.DLL
0x00007ffd9cae0000 - 0x00007ffd9ce92000 	C:\WINDOWS\System32\KERNELBASE.dll
0x00007ffd9d0c0000 - 0x00007ffd9d20b000 	C:\WINDOWS\System32\ucrtbase.dll
0x00007ffd8c140000 - 0x00007ffd8c157000 	c:\Users\venka\.vscode\extensions\redhat.java-1.38.0-win32-x64\jre\17.0.13-win32-x86_64\bin\jli.dll
0x00007ffd9f220000 - 0x00007ffd9f3e8000 	C:\WINDOWS\System32\USER32.dll
0x00007ffd9cea0000 - 0x00007ffd9cec7000 	C:\WINDOWS\System32\win32u.dll
0x00007ffd9f3f0000 - 0x00007ffd9f41a000 	C:\WINDOWS\System32\GDI32.dll
0x00007ffd9cf90000 - 0x00007ffd9d0bb000 	C:\WINDOWS\System32\gdi32full.dll
0x00007ffd9d210000 - 0x00007ffd9d2b3000 	C:\WINDOWS\System32\msvcp_win.dll
0x00007ffd8bd30000 - 0x00007ffd8bd4e000 	c:\Users\venka\.vscode\extensions\redhat.java-1.38.0-win32-x64\jre\17.0.13-win32-x86_64\bin\VCRUNTIME140.dll
0x00007ffd837d0000 - 0x00007ffd83a60000 	C:\WINDOWS\WinSxS\amd64_microsoft.windows.common-controls_6595b64144ccf1df_6.0.26100.2454_none_3e0b68a2e331ad60\COMCTL32.dll
0x00007ffd9ee70000 - 0x00007ffd9ef19000 	C:\WINDOWS\System32\msvcrt.dll
0x00007ffd9dc90000 - 0x00007ffd9dcbf000 	C:\WINDOWS\System32\IMM32.DLL
0x00007ffd981f0000 - 0x00007ffd981fc000 	c:\Users\venka\.vscode\extensions\redhat.java-1.38.0-win32-x64\jre\17.0.13-win32-x86_64\bin\vcruntime140_1.dll
0x00007ffd56990000 - 0x00007ffd56a1d000 	c:\Users\venka\.vscode\extensions\redhat.java-1.38.0-win32-x64\jre\17.0.13-win32-x86_64\bin\msvcp140.dll
0x00007ffd2db70000 - 0x00007ffd2e7db000 	c:\Users\venka\.vscode\extensions\redhat.java-1.38.0-win32-x64\jre\17.0.13-win32-x86_64\bin\server\jvm.dll
0x00007ffd9ece0000 - 0x00007ffd9ed94000 	C:\WINDOWS\System32\ADVAPI32.dll
0x00007ffd9de30000 - 0x00007ffd9ded6000 	C:\WINDOWS\System32\sechost.dll
0x00007ffd9ebc0000 - 0x00007ffd9ecd6000 	C:\WINDOWS\System32\RPCRT4.dll
0x00007ffd9d730000 - 0x00007ffd9d7a4000 	C:\WINDOWS\System32\WS2_32.dll
0x00007ffd9b4b0000 - 0x00007ffd9b4fe000 	C:\WINDOWS\SYSTEM32\POWRPROF.dll
0x00007ffd94860000 - 0x00007ffd94896000 	C:\WINDOWS\SYSTEM32\WINMM.dll
0x00007ffd939e0000 - 0x00007ffd939eb000 	C:\WINDOWS\SYSTEM32\VERSION.dll
0x00007ffd9b490000 - 0x00007ffd9b4a4000 	C:\WINDOWS\SYSTEM32\UMPDC.dll
0x00007ffd9b760000 - 0x00007ffd9b77a000 	C:\WINDOWS\SYSTEM32\kernel.appcore.dll
0x00007ffd94560000 - 0x00007ffd9456a000 	c:\Users\venka\.vscode\extensions\redhat.java-1.38.0-win32-x64\jre\17.0.13-win32-x86_64\bin\jimage.dll
0x00007ffd942d0000 - 0x00007ffd94511000 	C:\WINDOWS\SYSTEM32\DBGHELP.DLL
0x00007ffd9d340000 - 0x00007ffd9d6be000 	C:\WINDOWS\System32\combase.dll
0x00007ffd9f140000 - 0x00007ffd9f216000 	C:\WINDOWS\System32\OLEAUT32.dll
0x00007ffd68950000 - 0x00007ffd68989000 	C:\WINDOWS\SYSTEM32\dbgcore.DLL
0x00007ffd9c830000 - 0x00007ffd9c8c9000 	C:\WINDOWS\System32\bcryptPrimitives.dll
0x00007ffd8de10000 - 0x00007ffd8de1e000 	c:\Users\venka\.vscode\extensions\redhat.java-1.38.0-win32-x64\jre\17.0.13-win32-x86_64\bin\instrument.dll
0x00007ffd8bd90000 - 0x00007ffd8bdb5000 	c:\Users\venka\.vscode\extensions\redhat.java-1.38.0-win32-x64\jre\17.0.13-win32-x86_64\bin\java.dll
0x00007ffd8c1a0000 - 0x00007ffd8c1b8000 	c:\Users\venka\.vscode\extensions\redhat.java-1.38.0-win32-x64\jre\17.0.13-win32-x86_64\bin\zip.dll
0x00007ffd9e420000 - 0x00007ffd9eb21000 	C:\WINDOWS\System32\SHELL32.dll
0x00007ffd9a540000 - 0x00007ffd9ad71000 	C:\WINDOWS\SYSTEM32\windows.storage.dll
0x00007ffd9e090000 - 0x00007ffd9e16a000 	C:\WINDOWS\System32\SHCORE.dll
0x00007ffd9d6d0000 - 0x00007ffd9d72d000 	C:\WINDOWS\System32\shlwapi.dll
0x00007ffd9c740000 - 0x00007ffd9c76e000 	C:\WINDOWS\SYSTEM32\profapi.dll
0x00007ffd8bd70000 - 0x00007ffd8bd89000 	C:\Users\venka\.vscode\extensions\redhat.java-1.38.0-win32-x64\jre\17.0.13-win32-x86_64\bin\net.dll
0x00007ffd96830000 - 0x00007ffd96956000 	C:\WINDOWS\SYSTEM32\WINHTTP.dll
0x00007ffd9bc80000 - 0x00007ffd9bce8000 	C:\WINDOWS\system32\mswsock.dll
0x00007ffd8bd50000 - 0x00007ffd8bd66000 	C:\Users\venka\.vscode\extensions\redhat.java-1.38.0-win32-x64\jre\17.0.13-win32-x86_64\bin\nio.dll
0x00007ffd8de00000 - 0x00007ffd8de10000 	c:\Users\venka\.vscode\extensions\redhat.java-1.38.0-win32-x64\jre\17.0.13-win32-x86_64\bin\verify.dll
0x00007ffd60b60000 - 0x00007ffd60ba5000 	C:\Users\venka\AppData\Roaming\Code\User\globalStorage\redhat.java\1.38.0\config_win\org.eclipse.equinox.launcher\org.eclipse.equinox.launcher.win32.win32.x86_64_1.2.1100.v20240722-2106\eclipse_11904.dll
0x00007ffd9dee0000 - 0x00007ffd9e079000 	C:\WINDOWS\System32\ole32.dll
0x00007ffd9bf20000 - 0x00007ffd9bf3c000 	C:\WINDOWS\SYSTEM32\CRYPTSP.dll
0x00007ffd9b6b0000 - 0x00007ffd9b6e8000 	C:\WINDOWS\system32\rsaenh.dll
0x00007ffd9bd20000 - 0x00007ffd9bd4b000 	C:\WINDOWS\SYSTEM32\USERENV.dll
0x00007ffd9c160000 - 0x00007ffd9c186000 	C:\WINDOWS\SYSTEM32\bcrypt.dll
0x00007ffd9bf40000 - 0x00007ffd9bf4c000 	C:\WINDOWS\SYSTEM32\CRYPTBASE.dll
0x00007ffd9b0f0000 - 0x00007ffd9b122000 	C:\WINDOWS\SYSTEM32\IPHLPAPI.DLL
0x00007ffd9e2f0000 - 0x00007ffd9e2fa000 	C:\WINDOWS\System32\NSI.dll
0x00007ffd96c60000 - 0x00007ffd96c7e000 	C:\WINDOWS\SYSTEM32\dhcpcsvc6.DLL
0x00007ffd96800000 - 0x00007ffd96825000 	C:\WINDOWS\SYSTEM32\dhcpcsvc.DLL
0x00007ffd9b130000 - 0x00007ffd9b255000 	C:\WINDOWS\SYSTEM32\DNSAPI.dll
0x00007ffd52380000 - 0x00007ffd523c9000 	C:\Users\venka\AppData\Local\Temp\jna-112093493\jna260290749851600.dll
0x00007ffd9ebb0000 - 0x00007ffd9ebb8000 	C:\WINDOWS\System32\PSAPI.DLL

dbghelp: loaded successfully - version: 4.0.5 - missing functions: none
symbol engine: initialized successfully - sym options: 0x614 - pdb path: .;c:\Users\venka\.vscode\extensions\redhat.java-1.38.0-win32-x64\jre\17.0.13-win32-x86_64\bin;C:\WINDOWS\SYSTEM32;C:\WINDOWS\WinSxS\amd64_microsoft.windows.common-controls_6595b64144ccf1df_6.0.26100.2454_none_3e0b68a2e331ad60;c:\Users\venka\.vscode\extensions\redhat.java-1.38.0-win32-x64\jre\17.0.13-win32-x86_64\bin\server;C:\Users\venka\AppData\Roaming\Code\User\globalStorage\redhat.java\1.38.0\config_win\org.eclipse.equinox.launcher\org.eclipse.equinox.launcher.win32.win32.x86_64_1.2.1100.v20240722-2106;C:\Users\venka\AppData\Local\Temp\jna-112093493

VM Arguments:
jvm_args: --add-modules=ALL-SYSTEM --add-opens=java.base/java.util=ALL-UNNAMED --add-opens=java.base/java.lang=ALL-UNNAMED --add-opens=java.base/sun.nio.fs=ALL-UNNAMED -Declipse.application=org.eclipse.jdt.ls.core.id1 -Dosgi.bundles.defaultStartLevel=4 -Declipse.product=org.eclipse.jdt.ls.core.product -Djava.import.generatesMetadataFilesAtProjectRoot=false -DDetectVMInstallationsJob.disabled=true -Dfile.encoding=utf8 -XX:+UseParallelGC -XX:GCTimeRatio=4 -XX:AdaptiveSizePolicyWeight=90 -Dsun.zip.disableMemoryMapping=true -Xmx1G -Xms100m -Xlog:disable -javaagent:c:\Users\venka\.vscode\extensions\redhat.java-1.38.0-win32-x64\lombok\lombok-1.18.34.jar -XX:+HeapDumpOnOutOfMemoryError -XX:HeapDumpPath=c:\Users\venka\AppData\Roaming\Code\User\workspaceStorage\16c042cf4fc7efc13e0c8bdd093436cd\redhat.java -Daether.dependencyCollector.impl=bf 
java_command: c:\Users\venka\.vscode\extensions\redhat.java-1.38.0-win32-x64\server\plugins\org.eclipse.equinox.launcher_1.6.900.v20240613-2009.jar -configuration c:\Users\venka\AppData\Roaming\Code\User\globalStorage\redhat.java\1.38.0\config_win -data c:\Users\venka\AppData\Roaming\Code\User\workspaceStorage\16c042cf4fc7efc13e0c8bdd093436cd\redhat.java\jdt_ws --pipe=\\.\pipe\lsp-9c0c4cf02a54eb5374072397a46541cd-sock
java_class_path (initial): c:\Users\venka\.vscode\extensions\redhat.java-1.38.0-win32-x64\server\plugins\org.eclipse.equinox.launcher_1.6.900.v20240613-2009.jar
Launcher Type: SUN_STANDARD

[Global flags]
    uintx AdaptiveSizePolicyWeight                 = 90                                        {product} {command line}
     intx CICompilerCount                          = 4                                         {product} {ergonomic}
    uintx GCTimeRatio                              = 4                                         {product} {command line}
     bool HeapDumpOnOutOfMemoryError               = true                                   {manageable} {command line}
    ccstr HeapDumpPath                             = c:\Users\venka\AppData\Roaming\Code\User\workspaceStorage\16c042cf4fc7efc13e0c8bdd093436cd\redhat.java         {manageable} {command line}
   size_t InitialHeapSize                          = 104857600                                 {product} {command line}
   size_t MaxHeapSize                              = 1073741824                                {product} {command line}
   size_t MaxNewSize                               = 357564416                                 {product} {ergonomic}
   size_t MinHeapDeltaBytes                        = 524288                                    {product} {ergonomic}
   size_t MinHeapSize                              = 104857600                                 {product} {command line}
   size_t NewSize                                  = 34603008                                  {product} {ergonomic}
    uintx NonNMethodCodeHeapSize                   = 5839372                                {pd product} {ergonomic}
    uintx NonProfiledCodeHeapSize                  = 122909434                              {pd product} {ergonomic}
   size_t OldSize                                  = 70254592                                  {product} {ergonomic}
    uintx ProfiledCodeHeapSize                     = 122909434                              {pd product} {ergonomic}
    uintx ReservedCodeCacheSize                    = 251658240                              {pd product} {ergonomic}
     bool SegmentedCodeCache                       = true                                      {product} {ergonomic}
   size_t SoftMaxHeapSize                          = 1073741824                             {manageable} {ergonomic}
     bool UseCompressedClassPointers               = true                           {product lp64_product} {ergonomic}
     bool UseCompressedOops                        = true                           {product lp64_product} {ergonomic}
     bool UseLargePagesIndividualAllocation        = false                                  {pd product} {ergonomic}
     bool UseParallelGC                            = true                                      {product} {command line}

Logging:
Log output configuration:
 #0: stdout all=off uptime,level,tags
 #1: stderr all=off uptime,level,tags

Environment Variables:
JAVA_HOME=C:\Program Files\Java\jdk-11
PATH=C:\WINDOWS\system32;C:\WINDOWS;C:\WINDOWS\System32\Wbem;C:\WINDOWS\System32\WindowsPowerShell\v1.0\;C:\WINDOWS\System32\OpenSSH\;D:\Important\terraform_1.1.8_windows_386;C:\Program Files (x86)\Google\Cloud SDK\google-cloud-sdk\bin;C:\Program Files\PuTTY\;C:\Program Files\platform-tools;C:\Program Files\Java\jdk-11\bin;C:\Program Files\Docker\Docker\resources\bin;C:\Program Files\nodejs\;C:\Program Files\Git\cmd;C:\Users\venka\AppData\Local\Android\Sdk\platform-tools;C:\Users\venka\AppData\Local\Microsoft\WindowsApps;C:\Users\venka\AppData\Local\Programs\Microsoft VS Code\bin;C:\Users\venka\AppData\Local\Microsoft\WindowsApps;C:\Users\venka\AppData\Roaming\npm;
USERNAME=venka
OS=Windows_NT
PROCESSOR_IDENTIFIER=Intel64 Family 6 Model 142 Stepping 12, GenuineIntel
TMP=C:\Users\venka\AppData\Local\Temp
TEMP=C:\Users\venka\AppData\Local\Temp



Periodic native trim disabled


---------------  S Y S T E M  ---------------

OS:
 Windows 11 , 64 bit Build 26100 (10.0.26100.2454)
OS uptime: 2 days 1:29 hours
Hyper-V role detected

CPU: total 8 (initial active 8) (4 cores per cpu, 2 threads per core) family 6 model 142 stepping 12 microcode 0xde, cx8, cmov, fxsr, ht, mmx, 3dnowpref, sse, sse2, sse3, ssse3, sse4.1, sse4.2, popcnt, lzcnt, tsc, tscinvbit, avx, avx2, aes, erms, clmul, bmi1, bmi2, adx, fma, vzeroupper, clflush, clflushopt, hv
Processor Information for all 8 processors :
  Max Mhz: 2112, Current Mhz: 2112, Mhz Limit: 1605

Memory: 4k page, system-wide physical 8025M (855M free)
TotalPageFile size 23385M (AvailPageFile size 115M)
current process WorkingSet (physical memory assigned to process): 457M, peak: 457M
current process commit charge ("private bytes"): 474M, peak: 477M

vm_info: OpenJDK 64-Bit Server VM (17.0.13+11) for windows-amd64 JRE (17.0.13+11), built on Oct 16 2024 00:10:08 by "admin" with MS VC++ 17.7 (VS2022)

END.
